#
# There is insufficient memory for the Java Runtime Environment to continue.
# Native memory allocation (mmap) failed to map 206569472 bytes for G1 virtual space
# Possible reasons:
#   The system is out of physical RAM or swap space
#   The process is running with CompressedOops enabled, and the Java Heap may be blocking the growth of the native heap
# Possible solutions:
#   Reduce memory load on the system
#   Increase physical memory or swap space
#   Check if swap backing store is full
#   Decrease Java heap size (-Xmx/-Xms)
#   Decrease number of Java threads
#   Decrease Java thread stack sizes (-Xss)
#   Set larger code cache with -XX:ReservedCodeCacheSize=
#   JVM is running with Unscaled Compressed Oops mode in which the Java heap is
#     placed in the first 4GB address space. The Java Heap base address is the
#     maximum limit for the native heap growth. Please use -XX:HeapBaseMinAddress
#     to set the Java Heap base and to place the Java Heap above 4GB virtual address.
# This output file may be truncated or incomplete.
#
#  Out of Memory Error (os_windows.cpp:3548), pid=23964, tid=4176
#
# JRE version: Java(TM) SE Runtime Environment (17.0.12+8) (build 17.0.12+8-LTS-286)
# Java VM: Java HotSpot(TM) 64-Bit Server VM (17.0.12+8-LTS-286, mixed mode, sharing, tiered, compressed oops, compressed class ptrs, g1 gc, windows-amd64)
# No core dump will be written. Minidumps are not enabled by default on client versions of Windows
#

---------------  S U M M A R Y ------------

Command Line: -javaagent:C:\Program Files\JetBrains\IntelliJ IDEA Community Edition 2023.1.2\lib\idea_rt.jar=51070:C:\Program Files\JetBrains\IntelliJ IDEA Community Edition 2023.1.2\bin -Dfile.encoding=UTF-8 khanhlandev.bookstore_backend.BookstoreBackendApplication

Host: 12th Gen Intel(R) Core(TM) i5-1235U, 12 cores, 7G,  Windows 11 , 64 bit Build 22621 (10.0.22621.5415)
Time: Wed Jul  2 22:07:58 2025 SE Asia Standard Time elapsed time: 304385.709536 seconds (3d 12h 33m 5s)

---------------  T H R E A D  ---------------

Current thread (0x000002617ec2a970):  VMThread "VM Thread" [stack: 0x000000857bf00000,0x000000857c000000] [id=4176]

Stack: [0x000000857bf00000,0x000000857c000000]
Native frames: (J=compiled Java code, j=interpreted, Vv=VM code, C=native code)
V  [jvm.dll+0x67a04a]
V  [jvm.dll+0x7da4ed]
V  [jvm.dll+0x7dbe33]
V  [jvm.dll+0x7dc4a3]
V  [jvm.dll+0x24508f]
V  [jvm.dll+0x677089]
V  [jvm.dll+0x66bd32]
V  [jvm.dll+0x301fa6]
V  [jvm.dll+0x309546]
V  [jvm.dll+0x359d2e]
V  [jvm.dll+0x359f5f]
V  [jvm.dll+0x2d9078]
V  [jvm.dll+0x2d74ad]
V  [jvm.dll+0x2d6afc]
V  [jvm.dll+0x31a65b]
V  [jvm.dll+0x7e0d9b]
V  [jvm.dll+0x7e1ad4]
V  [jvm.dll+0x7e1fed]
V  [jvm.dll+0x7e23c4]
V  [jvm.dll+0x7e2490]
V  [jvm.dll+0x78abea]
V  [jvm.dll+0x678f35]
C  [ucrtbase.dll+0x29333]
C  [KERNEL32.DLL+0x1259d]
C  [ntdll.dll+0x5af78]

VM_Operation (0x000000857b7fba70): G1CollectForAllocation, mode: safepoint, requested by thread 0x000002615ff33ea0


---------------  P R O C E S S  ---------------

Threads class SMR info:
_java_thread_list=0x000002615800d3e0, length=21, elements={
0x000002617ec2f580, 0x000002617ec32210, 0x000002617ec41b90, 0x000002617ec43560,
0x000002617ec43f20, 0x000002617ec448e0, 0x000002617ec48b80, 0x000002617ec51640,
0x000002617ec85b40, 0x000002617ee810a0, 0x000002617f1ada20, 0x000002617f1adf00,
0x00000261547bd7f0, 0x00000261547bc3b0, 0x00000261584c7330, 0x000002615ff357f0,
0x000002615ff33ea0, 0x000002615ff31620, 0x000002615ff35d00, 0x000002615ff32550,
0x000002615ff352e0
}

Java Threads: ( => current thread )
  0x000002617ec2f580 JavaThread "Reference Handler" daemon [_thread_blocked, id=27632, stack(0x000000857c000000,0x000000857c100000)]
  0x000002617ec32210 JavaThread "Finalizer" daemon [_thread_blocked, id=22812, stack(0x000000857c100000,0x000000857c200000)]
  0x000002617ec41b90 JavaThread "Signal Dispatcher" daemon [_thread_blocked, id=18852, stack(0x000000857c200000,0x000000857c300000)]
  0x000002617ec43560 JavaThread "Attach Listener" daemon [_thread_blocked, id=17340, stack(0x000000857c300000,0x000000857c400000)]
  0x000002617ec43f20 JavaThread "Service Thread" daemon [_thread_blocked, id=26152, stack(0x000000857c400000,0x000000857c500000)]
  0x000002617ec448e0 JavaThread "Monitor Deflation Thread" daemon [_thread_blocked, id=25332, stack(0x000000857c500000,0x000000857c600000)]
  0x000002617ec48b80 JavaThread "C2 CompilerThread0" daemon [_thread_blocked, id=25360, stack(0x000000857c600000,0x000000857c700000)]
  0x000002617ec51640 JavaThread "C1 CompilerThread0" daemon [_thread_blocked, id=14628, stack(0x000000857c700000,0x000000857c800000)]
  0x000002617ec85b40 JavaThread "Sweeper thread" daemon [_thread_blocked, id=25328, stack(0x000000857c800000,0x000000857c900000)]
  0x000002617ee810a0 JavaThread "Common-Cleaner" daemon [_thread_blocked, id=26880, stack(0x000000857c900000,0x000000857ca00000)]
  0x000002617f1ada20 JavaThread "Monitor Ctrl-Break" daemon [_thread_in_native, id=11160, stack(0x000000857ca00000,0x000000857cb00000)]
  0x000002617f1adf00 JavaThread "Notification Thread" daemon [_thread_blocked, id=27576, stack(0x000000857cb00000,0x000000857cc00000)]
  0x00000261547bd7f0 JavaThread "mysql-cj-abandoned-connection-cleanup" daemon [_thread_blocked, id=14848, stack(0x000000857de00000,0x000000857df00000)]
  0x00000261547bc3b0 JavaThread "Live Reload Server" daemon [_thread_in_native, id=6760, stack(0x000000857e400000,0x000000857e500000)]
  0x00000261584c7330 JavaThread "DestroyJavaVM" [_thread_blocked, id=26532, stack(0x000000857b900000,0x000000857ba00000)]
  0x000002615ff357f0 JavaThread "Thread-55" [_thread_blocked, id=44144, stack(0x000000857b600000,0x000000857b700000)]
  0x000002615ff33ea0 JavaThread "restartedMain" [_thread_blocked, id=43368, stack(0x000000857b700000,0x000000857b800000)]
  0x000002615ff31620 JavaThread "Catalina-utility-1" [_thread_blocked, id=44208, stack(0x000000857cd00000,0x000000857ce00000)]
  0x000002615ff35d00 JavaThread "Catalina-utility-2" [_thread_blocked, id=23532, stack(0x000000857ce00000,0x000000857cf00000)]
  0x000002615ff32550 JavaThread "container-0" [_thread_blocked, id=27116, stack(0x000000857d400000,0x000000857d500000)]
  0x000002615ff352e0 JavaThread "HikariPool-15:housekeeper" daemon [_thread_blocked, id=12120, stack(0x000000857db00000,0x000000857dc00000)]

Other Threads:
=>0x000002617ec2a970 VMThread "VM Thread" [stack: 0x000000857bf00000,0x000000857c000000] [id=4176]
  0x000002617f1aebf0 WatcherThread [stack: 0x000000857cc00000,0x000000857cd00000] [id=22188]
  0x000002616f93b3b0 GCTaskThread "GC Thread#0" [stack: 0x000000857ba00000,0x000000857bb00000] [id=27032]
  0x000002617f829a50 GCTaskThread "GC Thread#1" [stack: 0x000000857cf00000,0x000000857d000000] [id=11468]
  0x000002617f829d10 GCTaskThread "GC Thread#2" [stack: 0x000000857d000000,0x000000857d100000] [id=11208]
  0x000002617f829fd0 GCTaskThread "GC Thread#3" [stack: 0x000000857d100000,0x000000857d200000] [id=10224]
  0x000002617f82a290 GCTaskThread "GC Thread#4" [stack: 0x000000857d200000,0x000000857d300000] [id=26500]
  0x000002615404bd30 GCTaskThread "GC Thread#5" [stack: 0x000000857d300000,0x000000857d400000] [id=21928]
  0x00000261559aa840 GCTaskThread "GC Thread#6" [stack: 0x000000857d600000,0x000000857d700000] [id=6592]
  0x0000026154c8bed0 GCTaskThread "GC Thread#7" [stack: 0x000000857d700000,0x000000857d800000] [id=20812]
  0x0000026154727300 GCTaskThread "GC Thread#8" [stack: 0x000000857d800000,0x000000857d900000] [id=4252]
  0x00000261547275c0 GCTaskThread "GC Thread#9" [stack: 0x000000857d900000,0x000000857da00000] [id=26688]
  0x000002616f94d8e0 ConcurrentGCThread "G1 Main Marker" [stack: 0x000000857bb00000,0x000000857bc00000] [id=11916]
  0x000002616f94ea90 ConcurrentGCThread "G1 Conc#0" [stack: 0x000000857bc00000,0x000000857bd00000] [id=3492]
  0x0000026154e9a8d0 ConcurrentGCThread "G1 Conc#1" [stack: 0x000000857d500000,0x000000857d600000] [id=16840]
  0x0000026154e9bc10 ConcurrentGCThread "G1 Conc#2" [stack: 0x000000857da00000,0x000000857db00000] [id=23264]
  0x000002616f99e760 ConcurrentGCThread "G1 Refine#0" [stack: 0x000000857bd00000,0x000000857be00000] [id=24940]
  0x000002617ead3730 ConcurrentGCThread "G1 Service" [stack: 0x000000857be00000,0x000000857bf00000] [id=21284]

Threads with active compile tasks:
C2 CompilerThread0  304385739 22778       4       org.springframework.boot.context.properties.source.SpringIterableConfigurationPropertySource$Cache::tryUpdate (364 bytes)

VM state: at safepoint (normal execution)

VM Mutex/Monitor currently owned by a thread:  ([mutex/lock_event])
[0x000002616f8cbef0] Threads_lock - owner thread: 0x000002617ec2a970
[0x000002616f8cb200] Heap_lock - owner thread: 0x000002615ff33ea0

Heap address: 0x0000000085200000, size: 1966 MB, Compressed Oops mode: 32-bit

CDS archive(s) mapped at: [0x000002610f000000-0x000002610fbd0000-0x000002610fbd0000), size 12386304, SharedBaseAddress: 0x000002610f000000, ArchiveRelocationMode: 1.
Compressed class space mapped at: 0x0000026110000000-0x0000026150000000, reserved size: 1073741824
Narrow klass base: 0x000002610f000000, Narrow klass shift: 0, Narrow klass range: 0x100000000

GC Precious Log:
 CPUs: 12 total, 12 available
 Memory: 7860M
 Large Page Support: Disabled
 NUMA Support: Disabled
 Compressed Oops: Enabled (32-bit)
 Heap Region Size: 1M
 Heap Min Capacity: 8M
 Heap Initial Capacity: 124M
 Heap Max Capacity: 1966M
 Pre-touch: Disabled
 Parallel Workers: 10
 Concurrent Workers: 3
 Concurrent Refinement Workers: 10
 Periodic GC: Disabled

Heap:
 garbage-first heap   total 126976K, used 39846K [0x0000000085200000, 0x0000000100000000)
  region size 1024K, 6 young (6144K), 6 survivors (6144K)
 Metaspace       used 92820K, committed 93760K, reserved 1179648K
  class space    used 11216K, committed 11712K, reserved 1048576K

Heap Regions: E=young(eden), S=young(survivor), O=old, HS=humongous(starts), HC=humongous(continues), CS=collection set, F=free, OA=open archive, CA=closed archive, TAMS=top-at-mark-start (previous, next)
|   0|0x0000000085200000, 0x0000000085300000, 0x0000000085300000|100%|HS|  |TAMS 0x0000000085300000, 0x0000000085200000| Untracked 
|   1|0x0000000085300000, 0x0000000085400000, 0x0000000085400000|100%|HS|  |TAMS 0x0000000085400000, 0x0000000085300000| Untracked 
|   2|0x0000000085400000, 0x0000000085500000, 0x0000000085500000|100%| O|  |TAMS 0x0000000085500000, 0x0000000085400000| Untracked 
|   3|0x0000000085500000, 0x00000000855fffd8, 0x0000000085600000| 99%| O|  |TAMS 0x00000000855fffd8, 0x0000000085500000| Untracked 
|   4|0x0000000085600000, 0x0000000085700000, 0x0000000085700000|100%| O|  |TAMS 0x0000000085700000, 0x0000000085600000| Untracked 
|   5|0x0000000085700000, 0x00000000857ffff8, 0x0000000085800000| 99%| O|  |TAMS 0x00000000857ffff8, 0x0000000085700000| Untracked 
|   6|0x0000000085800000, 0x00000000858fff10, 0x0000000085900000| 99%| O|  |TAMS 0x00000000858fff10, 0x0000000085800000| Untracked 
|   7|0x0000000085900000, 0x00000000859fffe8, 0x0000000085a00000| 99%| O|  |TAMS 0x00000000859fffe8, 0x0000000085900000| Untracked 
|   8|0x0000000085a00000, 0x0000000085afffe8, 0x0000000085b00000| 99%| O|  |TAMS 0x0000000085afffe8, 0x0000000085a00000| Untracked 
|   9|0x0000000085b00000, 0x0000000085c00000, 0x0000000085c00000|100%| O|  |TAMS 0x0000000085c00000, 0x0000000085b00000| Untracked 
|  10|0x0000000085c00000, 0x0000000085cfffa0, 0x0000000085d00000| 99%| O|  |TAMS 0x0000000085cfffa0, 0x0000000085c00000| Untracked 
|  11|0x0000000085d00000, 0x0000000085dffff0, 0x0000000085e00000| 99%| O|  |TAMS 0x0000000085dffff0, 0x0000000085d00000| Untracked 
|  12|0x0000000085e00000, 0x0000000085efffe0, 0x0000000085f00000| 99%| O|  |TAMS 0x0000000085efffe0, 0x0000000085e00000| Untracked 
|  13|0x0000000085f00000, 0x0000000085ffffe0, 0x0000000086000000| 99%| O|  |TAMS 0x0000000085ffffe0, 0x0000000085f00000| Untracked 
|  14|0x0000000086000000, 0x00000000860ffff8, 0x0000000086100000| 99%| O|  |TAMS 0x00000000860ffff8, 0x0000000086000000| Untracked 
|  15|0x0000000086100000, 0x00000000861ffff8, 0x0000000086200000| 99%| O|  |TAMS 0x00000000861ffff8, 0x0000000086100000| Untracked 
|  16|0x0000000086200000, 0x00000000862fffa0, 0x0000000086300000| 99%| O|  |TAMS 0x00000000862fffa0, 0x0000000086200000| Untracked 
|  17|0x0000000086300000, 0x00000000863fffe8, 0x0000000086400000| 99%| O|  |TAMS 0x00000000863fffe8, 0x0000000086300000| Untracked 
|  18|0x0000000086400000, 0x0000000086500000, 0x0000000086500000|100%| O|  |TAMS 0x0000000086500000, 0x0000000086400000| Untracked 
|  19|0x0000000086500000, 0x00000000865fffb8, 0x0000000086600000| 99%| O|  |TAMS 0x00000000865fffb8, 0x0000000086500000| Untracked 
|  20|0x0000000086600000, 0x00000000866fffe0, 0x0000000086700000| 99%| O|  |TAMS 0x00000000866fffe0, 0x0000000086600000| Untracked 
|  21|0x0000000086700000, 0x00000000867fffb0, 0x0000000086800000| 99%| O|  |TAMS 0x00000000867fffb0, 0x0000000086700000| Untracked 
|  22|0x0000000086800000, 0x00000000868fffe0, 0x0000000086900000| 99%| O|  |TAMS 0x00000000868fffe0, 0x0000000086800000| Untracked 
|  23|0x0000000086900000, 0x00000000869fffb0, 0x0000000086a00000| 99%| O|  |TAMS 0x00000000869fffb0, 0x0000000086900000| Untracked 
|  24|0x0000000086a00000, 0x0000000086affff0, 0x0000000086b00000| 99%| O|  |TAMS 0x0000000086affff0, 0x0000000086a00000| Untracked 
|  25|0x0000000086b00000, 0x0000000086c00000, 0x0000000086c00000|100%| O|  |TAMS 0x0000000086c00000, 0x0000000086b00000| Untracked 
|  26|0x0000000086c00000, 0x0000000086cffff0, 0x0000000086d00000| 99%| O|  |TAMS 0x0000000086cffff0, 0x0000000086c00000| Untracked 
|  27|0x0000000086d00000, 0x0000000086dffff0, 0x0000000086e00000| 99%| O|  |TAMS 0x0000000086dffff0, 0x0000000086d00000| Untracked 
|  28|0x0000000086e00000, 0x0000000086f00000, 0x0000000086f00000|100%| O|  |TAMS 0x0000000086e00000, 0x0000000086e00000| Untracked 
|  29|0x0000000086f00000, 0x0000000087000000, 0x0000000087000000|100%| O|  |TAMS 0x0000000086f00000, 0x0000000086f00000| Untracked 
|  30|0x0000000087000000, 0x00000000870fff98, 0x0000000087100000| 99%| O|  |TAMS 0x0000000087000000, 0x0000000087000000| Untracked 
|  31|0x0000000087100000, 0x00000000871fffe0, 0x0000000087200000| 99%| O|  |TAMS 0x0000000087100000, 0x0000000087100000| Untracked 
|  32|0x0000000087200000, 0x000000008726d998, 0x0000000087300000| 42%| O|  |TAMS 0x0000000087200000, 0x0000000087200000| Untracked 
|  33|0x0000000087300000, 0x0000000087300000, 0x0000000087400000|  0%| F|  |TAMS 0x0000000087300000, 0x0000000087300000| Untracked 
|  34|0x0000000087400000, 0x0000000087400000, 0x0000000087500000|  0%| F|  |TAMS 0x0000000087400000, 0x0000000087400000| Untracked 
|  35|0x0000000087500000, 0x0000000087500000, 0x0000000087600000|  0%| F|  |TAMS 0x0000000087500000, 0x0000000087500000| Untracked 
|  36|0x0000000087600000, 0x0000000087600000, 0x0000000087700000|  0%| F|  |TAMS 0x0000000087600000, 0x0000000087600000| Untracked 
|  37|0x0000000087700000, 0x0000000087700000, 0x0000000087800000|  0%| F|  |TAMS 0x0000000087700000, 0x0000000087700000| Untracked 
|  38|0x0000000087800000, 0x0000000087800000, 0x0000000087900000|  0%| F|  |TAMS 0x0000000087800000, 0x0000000087800000| Untracked 
|  39|0x0000000087900000, 0x0000000087900000, 0x0000000087a00000|  0%| F|  |TAMS 0x0000000087900000, 0x0000000087900000| Untracked 
|  40|0x0000000087a00000, 0x0000000087a00000, 0x0000000087b00000|  0%| F|  |TAMS 0x0000000087a00000, 0x0000000087a00000| Untracked 
|  41|0x0000000087b00000, 0x0000000087b00000, 0x0000000087c00000|  0%| F|  |TAMS 0x0000000087b00000, 0x0000000087b00000| Untracked 
|  42|0x0000000087c00000, 0x0000000087c00000, 0x0000000087d00000|  0%| F|  |TAMS 0x0000000087c00000, 0x0000000087c00000| Untracked 
|  43|0x0000000087d00000, 0x0000000087d00000, 0x0000000087e00000|  0%| F|  |TAMS 0x0000000087d00000, 0x0000000087d00000| Untracked 
|  44|0x0000000087e00000, 0x0000000087e00000, 0x0000000087f00000|  0%| F|  |TAMS 0x0000000087e00000, 0x0000000087e00000| Untracked 
|  45|0x0000000087f00000, 0x0000000087f00000, 0x0000000088000000|  0%| F|  |TAMS 0x0000000087f00000, 0x0000000087f00000| Untracked 
|  46|0x0000000088000000, 0x0000000088000000, 0x0000000088100000|  0%| F|  |TAMS 0x0000000088000000, 0x0000000088000000| Untracked 
|  47|0x0000000088100000, 0x0000000088100000, 0x0000000088200000|  0%| F|  |TAMS 0x0000000088100000, 0x0000000088100000| Untracked 
|  48|0x0000000088200000, 0x0000000088200000, 0x0000000088300000|  0%| F|  |TAMS 0x0000000088200000, 0x0000000088200000| Untracked 
|  49|0x0000000088300000, 0x0000000088300000, 0x0000000088400000|  0%| F|  |TAMS 0x0000000088300000, 0x0000000088300000| Untracked 
|  50|0x0000000088400000, 0x0000000088400000, 0x0000000088500000|  0%| F|  |TAMS 0x0000000088400000, 0x0000000088400000| Untracked 
|  51|0x0000000088500000, 0x0000000088515610, 0x0000000088600000|  8%| S|CS|TAMS 0x0000000088500000, 0x0000000088500000| Complete 
|  52|0x0000000088600000, 0x0000000088700000, 0x0000000088700000|100%| S|CS|TAMS 0x0000000088600000, 0x0000000088600000| Complete 
|  53|0x0000000088700000, 0x0000000088800000, 0x0000000088800000|100%| S|CS|TAMS 0x0000000088700000, 0x0000000088700000| Complete 
|  54|0x0000000088800000, 0x0000000088900000, 0x0000000088900000|100%| S|CS|TAMS 0x0000000088800000, 0x0000000088800000| Complete 
|  55|0x0000000088900000, 0x0000000088a00000, 0x0000000088a00000|100%| S|CS|TAMS 0x0000000088900000, 0x0000000088900000| Complete 
|  56|0x0000000088a00000, 0x0000000088b00000, 0x0000000088b00000|100%| S|CS|TAMS 0x0000000088a00000, 0x0000000088a00000| Complete 
|  57|0x0000000088b00000, 0x0000000088b7c5c0, 0x0000000088c00000| 48%| O|  |TAMS 0x0000000088b00000, 0x0000000088b00000| Untracked 
|  58|0x0000000088c00000, 0x0000000088c86290, 0x0000000088d00000| 52%| O|  |TAMS 0x0000000088c00000, 0x0000000088c00000| Untracked 
|  59|0x0000000088d00000, 0x0000000088d00000, 0x0000000088e00000|  0%| F|  |TAMS 0x0000000088d00000, 0x0000000088d00000| Untracked 
|  60|0x0000000088e00000, 0x0000000088e37710, 0x0000000088f00000| 21%| O|  |TAMS 0x0000000088e00000, 0x0000000088e00000| Untracked 
|  61|0x0000000088f00000, 0x0000000088f00000, 0x0000000089000000|  0%| F|  |TAMS 0x0000000088f00000, 0x0000000088f00000| Untracked 
|  62|0x0000000089000000, 0x0000000089000000, 0x0000000089100000|  0%| F|  |TAMS 0x0000000089000000, 0x0000000089000000| Untracked 
|  63|0x0000000089100000, 0x0000000089100000, 0x0000000089200000|  0%| F|  |TAMS 0x0000000089100000, 0x0000000089100000| Untracked 
|  64|0x0000000089200000, 0x0000000089200000, 0x0000000089300000|  0%| F|  |TAMS 0x0000000089200000, 0x0000000089200000| Untracked 
|  65|0x0000000089300000, 0x0000000089300000, 0x0000000089400000|  0%| F|  |TAMS 0x0000000089300000, 0x0000000089300000| Untracked 
|  66|0x0000000089400000, 0x0000000089400000, 0x0000000089500000|  0%| F|  |TAMS 0x0000000089400000, 0x0000000089400000| Untracked 
|  67|0x0000000089500000, 0x0000000089500000, 0x0000000089600000|  0%| F|  |TAMS 0x0000000089500000, 0x0000000089500000| Untracked 
|  68|0x0000000089600000, 0x0000000089600000, 0x0000000089700000|  0%| F|  |TAMS 0x0000000089600000, 0x0000000089600000| Untracked 
|  69|0x0000000089700000, 0x0000000089700000, 0x0000000089800000|  0%| F|  |TAMS 0x0000000089700000, 0x0000000089700000| Untracked 
|  70|0x0000000089800000, 0x0000000089800000, 0x0000000089900000|  0%| F|  |TAMS 0x0000000089800000, 0x0000000089800000| Untracked 
|  71|0x0000000089900000, 0x0000000089900000, 0x0000000089a00000|  0%| F|  |TAMS 0x0000000089900000, 0x0000000089900000| Untracked 
|  72|0x0000000089a00000, 0x0000000089a00000, 0x0000000089b00000|  0%| F|  |TAMS 0x0000000089a00000, 0x0000000089a00000| Untracked 
|  73|0x0000000089b00000, 0x0000000089b00000, 0x0000000089c00000|  0%| F|  |TAMS 0x0000000089b00000, 0x0000000089b00000| Untracked 
|  74|0x0000000089c00000, 0x0000000089c2d050, 0x0000000089d00000| 17%| O|  |TAMS 0x0000000089c00000, 0x0000000089c00000| Untracked 
|  75|0x0000000089d00000, 0x0000000089d00000, 0x0000000089e00000|  0%| F|  |TAMS 0x0000000089d00000, 0x0000000089d00000| Untracked 
|  76|0x0000000089e00000, 0x0000000089e00000, 0x0000000089f00000|  0%| F|  |TAMS 0x0000000089e00000, 0x0000000089e00000| Untracked 
|  77|0x0000000089f00000, 0x0000000089f00000, 0x000000008a000000|  0%| F|  |TAMS 0x0000000089f00000, 0x0000000089f00000| Untracked 
|  78|0x000000008a000000, 0x000000008a000000, 0x000000008a100000|  0%| F|  |TAMS 0x000000008a000000, 0x000000008a000000| Untracked 
|  79|0x000000008a100000, 0x000000008a100000, 0x000000008a200000|  0%| F|  |TAMS 0x000000008a100000, 0x000000008a100000| Untracked 
|  80|0x000000008a200000, 0x000000008a200000, 0x000000008a300000|  0%| F|  |TAMS 0x000000008a200000, 0x000000008a200000| Untracked 
|  81|0x000000008a300000, 0x000000008a300000, 0x000000008a400000|  0%| F|  |TAMS 0x000000008a300000, 0x000000008a300000| Untracked 
|  82|0x000000008a400000, 0x000000008a400000, 0x000000008a500000|  0%| F|  |TAMS 0x000000008a400000, 0x000000008a400000| Untracked 
|  83|0x000000008a500000, 0x000000008a500000, 0x000000008a600000|  0%| F|  |TAMS 0x000000008a500000, 0x000000008a500000| Untracked 
|  84|0x000000008a600000, 0x000000008a600000, 0x000000008a700000|  0%| F|  |TAMS 0x000000008a600000, 0x000000008a600000| Untracked 
|  85|0x000000008a700000, 0x000000008a700000, 0x000000008a800000|  0%| F|  |TAMS 0x000000008a700000, 0x000000008a700000| Untracked 
|  86|0x000000008a800000, 0x000000008a800000, 0x000000008a900000|  0%| F|  |TAMS 0x000000008a800000, 0x000000008a800000| Untracked 
|  87|0x000000008a900000, 0x000000008a900000, 0x000000008aa00000|  0%| F|  |TAMS 0x000000008a900000, 0x000000008a900000| Untracked 
|  88|0x000000008aa00000, 0x000000008aa00000, 0x000000008ab00000|  0%| F|  |TAMS 0x000000008aa00000, 0x000000008aa00000| Untracked 
|  89|0x000000008ab00000, 0x000000008ab00000, 0x000000008ac00000|  0%| F|  |TAMS 0x000000008ab00000, 0x000000008ab00000| Untracked 
|  90|0x000000008ac00000, 0x000000008ac00000, 0x000000008ad00000|  0%| F|  |TAMS 0x000000008ac00000, 0x000000008ac00000| Untracked 
|  91|0x000000008ad00000, 0x000000008ad00000, 0x000000008ae00000|  0%| F|  |TAMS 0x000000008ad00000, 0x000000008ad00000| Untracked 
|  92|0x000000008ae00000, 0x000000008ae00000, 0x000000008af00000|  0%| F|  |TAMS 0x000000008ae00000, 0x000000008ae00000| Untracked 
|  93|0x000000008af00000, 0x000000008af00000, 0x000000008b000000|  0%| F|  |TAMS 0x000000008af00000, 0x000000008af00000| Untracked 
|  94|0x000000008b000000, 0x000000008b000000, 0x000000008b100000|  0%| F|  |TAMS 0x000000008b000000, 0x000000008b000000| Untracked 
|  95|0x000000008b100000, 0x000000008b100000, 0x000000008b200000|  0%| F|  |TAMS 0x000000008b100000, 0x000000008b100000| Untracked 
|  96|0x000000008b200000, 0x000000008b200000, 0x000000008b300000|  0%| F|  |TAMS 0x000000008b200000, 0x000000008b200000| Untracked 
|  97|0x000000008b300000, 0x000000008b300000, 0x000000008b400000|  0%| F|  |TAMS 0x000000008b300000, 0x000000008b300000| Untracked 
|  98|0x000000008b400000, 0x000000008b400000, 0x000000008b500000|  0%| F|  |TAMS 0x000000008b400000, 0x000000008b400000| Untracked 
|  99|0x000000008b500000, 0x000000008b500000, 0x000000008b600000|  0%| F|  |TAMS 0x000000008b500000, 0x000000008b500000| Untracked 
| 100|0x000000008b600000, 0x000000008b600000, 0x000000008b700000|  0%| F|  |TAMS 0x000000008b600000, 0x000000008b600000| Untracked 
| 101|0x000000008b700000, 0x000000008b700000, 0x000000008b800000|  0%| F|  |TAMS 0x000000008b700000, 0x000000008b700000| Untracked 
| 102|0x000000008b800000, 0x000000008b800000, 0x000000008b900000|  0%| F|  |TAMS 0x000000008b800000, 0x000000008b800000| Untracked 
| 103|0x000000008b900000, 0x000000008b900000, 0x000000008ba00000|  0%| F|  |TAMS 0x000000008b900000, 0x000000008b900000| Untracked 
| 104|0x000000008ba00000, 0x000000008ba00000, 0x000000008bb00000|  0%| F|  |TAMS 0x000000008ba00000, 0x000000008ba00000| Untracked 
| 105|0x000000008bb00000, 0x000000008bb00000, 0x000000008bc00000|  0%| F|  |TAMS 0x000000008bb00000, 0x000000008bb00000| Untracked 
| 106|0x000000008bc00000, 0x000000008bc00000, 0x000000008bd00000|  0%| F|  |TAMS 0x000000008bc00000, 0x000000008bc00000| Untracked 
| 107|0x000000008bd00000, 0x000000008bd00000, 0x000000008be00000|  0%| F|  |TAMS 0x000000008bd00000, 0x000000008bd00000| Untracked 
| 108|0x000000008be00000, 0x000000008be00000, 0x000000008bf00000|  0%| F|  |TAMS 0x000000008be00000, 0x000000008be00000| Untracked 
| 109|0x000000008bf00000, 0x000000008bf00000, 0x000000008c000000|  0%| F|  |TAMS 0x000000008bf00000, 0x000000008bf00000| Untracked 
| 110|0x000000008c000000, 0x000000008c000000, 0x000000008c100000|  0%| F|  |TAMS 0x000000008c000000, 0x000000008c000000| Untracked 
| 111|0x000000008c100000, 0x000000008c100000, 0x000000008c200000|  0%| F|  |TAMS 0x000000008c100000, 0x000000008c100000| Untracked 
| 112|0x000000008c200000, 0x000000008c200000, 0x000000008c300000|  0%| F|  |TAMS 0x000000008c200000, 0x000000008c200000| Untracked 
| 113|0x000000008c300000, 0x000000008c300000, 0x000000008c400000|  0%| F|  |TAMS 0x000000008c300000, 0x000000008c300000| Untracked 
| 114|0x000000008c400000, 0x000000008c400000, 0x000000008c500000|  0%| F|  |TAMS 0x000000008c400000, 0x000000008c400000| Untracked 
| 115|0x000000008c500000, 0x000000008c500000, 0x000000008c600000|  0%| F|  |TAMS 0x000000008c500000, 0x000000008c500000| Untracked 
| 116|0x000000008c600000, 0x000000008c600000, 0x000000008c700000|  0%| F|  |TAMS 0x000000008c600000, 0x000000008c600000| Untracked 
| 117|0x000000008c700000, 0x000000008c700000, 0x000000008c800000|  0%| F|  |TAMS 0x000000008c700000, 0x000000008c700000| Untracked 
| 118|0x000000008c800000, 0x000000008c800000, 0x000000008c900000|  0%| F|  |TAMS 0x000000008c800000, 0x000000008c800000| Untracked 
| 119|0x000000008c900000, 0x000000008c900000, 0x000000008ca00000|  0%| F|  |TAMS 0x000000008c900000, 0x000000008c900000| Untracked 
| 120|0x000000008ca00000, 0x000000008ca00000, 0x000000008cb00000|  0%| F|  |TAMS 0x000000008ca00000, 0x000000008ca00000| Untracked 
| 121|0x000000008cb00000, 0x000000008cb00000, 0x000000008cc00000|  0%| F|  |TAMS 0x000000008cb00000, 0x000000008cb00000| Untracked 
| 122|0x000000008cc00000, 0x000000008cc00000, 0x000000008cd00000|  0%| F|  |TAMS 0x000000008cc00000, 0x000000008cc00000| Untracked 
| 123|0x000000008cd00000, 0x000000008cd00000, 0x000000008ce00000|  0%| F|  |TAMS 0x000000008cd00000, 0x000000008cd00000| Untracked 

Card table byte_map: [0x0000026177ac0000,0x0000026177ea0000] _byte_map_base: 0x0000026177697000

Marking Bits (Prev, Next): (CMBitMap*) 0x000002616f93ba10, (CMBitMap*) 0x000002616f93b9d0
 Prev Bits: [0x000002617a140000, 0x000002617bff8000)
 Next Bits: [0x0000026178280000, 0x000002617a138000)

Polling page: 0x000002616d620000

Metaspace:

Usage:
  Non-class:     79.69 MB used.
      Class:     10.95 MB used.
       Both:     90.64 MB used.

Virtual space:
  Non-class space:      128.00 MB reserved,      80.12 MB ( 63%) committed,  2 nodes.
      Class space:        1.00 GB reserved,      11.44 MB (  1%) committed,  1 nodes.
             Both:        1.12 GB reserved,      91.56 MB (  8%) committed. 

Chunk freelists:
   Non-Class:  15.69 MB
       Class:  4.48 MB
        Both:  20.17 MB

MaxMetaspaceSize: unlimited
CompressedClassSpaceSize: 1.00 GB
Initial GC threshold: 21.00 MB
Current GC threshold: 152.19 MB
CDS: on
MetaspaceReclaimPolicy: balanced
 - commit_granule_bytes: 65536.
 - commit_granule_words: 8192.
 - virtual_space_node_default_size: 8388608.
 - enlarge_chunks_in_place: 1.
 - new_chunks_are_fully_committed: 0.
 - uncommit_free_chunks: 1.
 - use_allocation_guard: 0.
 - handle_deallocations: 1.


Internal statistics:

num_allocs_failed_limit: 9.
num_arena_births: 1516.
num_arena_deaths: 354.
num_vsnodes_births: 3.
num_vsnodes_deaths: 0.
num_space_committed: 1466.
num_space_uncommitted: 1.
num_chunks_returned_to_freelist: 417.
num_chunks_taken_from_freelist: 5659.
num_chunk_merges: 129.
num_chunk_splits: 3597.
num_chunks_enlarged: 2458.
num_inconsistent_stats: 0.

CodeHeap 'non-profiled nmethods': size=120000Kb used=16220Kb max_used=16220Kb free=103780Kb
 bounds [0x0000026107ad0000, 0x0000026108ab0000, 0x000002610f000000]
CodeHeap 'profiled nmethods': size=120000Kb used=36929Kb max_used=36929Kb free=83070Kb
 bounds [0x0000026100000000, 0x0000026102420000, 0x0000026107530000]
CodeHeap 'non-nmethods': size=5760Kb used=1362Kb max_used=1496Kb free=4397Kb
 bounds [0x0000026107530000, 0x00000261077a0000, 0x0000026107ad0000]
 total_blobs=18927 nmethods=18233 adapters=604
 compilation: enabled
              stopped_count=0, restarted_count=0
 full_count=0

Compilation events (20 events):
Event: 304385.674 Thread 0x000002617ec51640 22809       3       org.hibernate.mapping.BasicValue::checkSelectable (66 bytes)
Event: 304385.674 Thread 0x000002617ec51640 nmethod 22809 0x000002610079f190 code [0x000002610079f400, 0x00000261007a01d8]
Event: 304385.674 Thread 0x000002617ec51640 22810       3       org.hibernate.mapping.Column::getText (19 bytes)
Event: 304385.675 Thread 0x000002617ec51640 nmethod 22810 0x000002610076bb10 code [0x000002610076bca0, 0x000002610076beb8]
Event: 304385.675 Thread 0x000002617ec51640 22811       3       org.hibernate.boot.model.internal.AnnotatedColumn::addColumnBinding (100 bytes)
Event: 304385.676 Thread 0x000002617ec51640 nmethod 22811 0x000002610240db90 code [0x000002610240e080, 0x00000261024112e8]
Event: 304385.676 Thread 0x000002617ec51640 22812       3       org.hibernate.boot.model.internal.SetBasicValueTypeSecondPass::<init> (10 bytes)
Event: 304385.676 Thread 0x000002617ec51640 nmethod 22812 0x00000261007c3a90 code [0x00000261007c3c20, 0x00000261007c3dd8]
Event: 304385.680 Thread 0x000002617ec51640 22818       3       org.hibernate.query.sqm.function.SqmFunctionRegistry::patternDescriptorBuilder (14 bytes)
Event: 304385.681 Thread 0x000002617ec51640 nmethod 22818 0x000002610193ed10 code [0x000002610193eee0, 0x000002610193f2f8]
Event: 304385.681 Thread 0x000002617ec51640 22820       3       org.jboss.logging.Logger::debugf (40 bytes)
Event: 304385.681 Thread 0x000002617ec51640 nmethod 22820 0x000002610071bd10 code [0x000002610071bf00, 0x000002610071c678]
Event: 304385.681 Thread 0x000002617ec51640 22819       3       org.hibernate.query.sqm.produce.function.PatternFunctionDescriptorBuilder::<init> (33 bytes)
Event: 304385.681 Thread 0x000002617ec51640 nmethod 22819 0x000002610071b590 code [0x000002610071b740, 0x000002610071ba78]
Event: 304385.681 Thread 0x000002617ec51640 22821       3       org.hibernate.engine.spi.CascadeStyles$9::doCascade (20 bytes)
Event: 304385.681 Thread 0x000002617ec51640 nmethod 22821 0x00000261002b5710 code [0x00000261002b58a0, 0x00000261002b5a58]
Event: 304385.685 Thread 0x000002617ec51640 22823       3       net.bytebuddy.description.ModifierReviewable$AbstractBase::isProtected (6 bytes)
Event: 304385.685 Thread 0x000002617ec51640 nmethod 22823 0x00000261002b5210 code [0x00000261002b53c0, 0x00000261002b5648]
Event: 304385.693 Thread 0x000002617ec51640 22825       3       net.bytebuddy.description.ModifierReviewable$AbstractBase::isPackagePrivate (27 bytes)
Event: 304385.693 Thread 0x000002617ec51640 nmethod 22825 0x0000026101915b90 code [0x0000026101915da0, 0x00000261019166a8]

GC Heap History (20 events):
Event: 304140.332 GC heap after
{Heap after GC invocations=624 (full 10):
 garbage-first heap   total 115712K, used 39996K [0x0000000085200000, 0x0000000100000000)
  region size 1024K, 4 young (4096K), 4 survivors (4096K)
 Metaspace       used 89922K, committed 90816K, reserved 1179648K
  class space    used 11008K, committed 11456K, reserved 1048576K
}
Event: 304189.255 GC heap before
{Heap before GC invocations=624 (full 10):
 garbage-first heap   total 115712K, used 49212K [0x0000000085200000, 0x0000000100000000)
  region size 1024K, 14 young (14336K), 4 survivors (4096K)
 Metaspace       used 90033K, committed 90944K, reserved 1179648K
  class space    used 11017K, committed 11456K, reserved 1048576K
}
Event: 304189.318 GC heap after
{Heap after GC invocations=625 (full 11):
 garbage-first heap   total 115712K, used 35462K [0x0000000085200000, 0x0000000100000000)
  region size 1024K, 0 young (0K), 0 survivors (0K)
 Metaspace       used 90030K, committed 90944K, reserved 1179648K
  class space    used 11017K, committed 11456K, reserved 1048576K
}
Event: 304189.788 GC heap before
{Heap before GC invocations=625 (full 11):
 garbage-first heap   total 115712K, used 87686K [0x0000000085200000, 0x0000000100000000)
  region size 1024K, 51 young (52224K), 0 survivors (0K)
 Metaspace       used 90327K, committed 91200K, reserved 1179648K
  class space    used 11038K, committed 11456K, reserved 1048576K
}
Event: 304189.792 GC heap after
{Heap after GC invocations=626 (full 11):
 garbage-first heap   total 115712K, used 40339K [0x0000000085200000, 0x0000000100000000)
  region size 1024K, 5 young (5120K), 5 survivors (5120K)
 Metaspace       used 90327K, committed 91200K, reserved 1179648K
  class space    used 11038K, committed 11456K, reserved 1048576K
}
Event: 304191.793 GC heap before
{Heap before GC invocations=626 (full 11):
 garbage-first heap   total 115712K, used 88467K [0x0000000085200000, 0x0000000100000000)
  region size 1024K, 52 young (53248K), 5 survivors (5120K)
 Metaspace       used 90938K, committed 91840K, reserved 1179648K
  class space    used 11075K, committed 11520K, reserved 1048576K
}
Event: 304191.801 GC heap after
{Heap after GC invocations=627 (full 11):
 garbage-first heap   total 115712K, used 42626K [0x0000000085200000, 0x0000000100000000)
  region size 1024K, 4 young (4096K), 4 survivors (4096K)
 Metaspace       used 90938K, committed 91840K, reserved 1179648K
  class space    used 11075K, committed 11520K, reserved 1048576K
}
Event: 304191.804 GC heap before
{Heap before GC invocations=627 (full 11):
 garbage-first heap   total 115712K, used 42626K [0x0000000085200000, 0x0000000100000000)
  region size 1024K, 5 young (5120K), 4 survivors (4096K)
 Metaspace       used 90941K, committed 91840K, reserved 1179648K
  class space    used 11076K, committed 11520K, reserved 1048576K
}
Event: 304191.863 GC heap after
{Heap after GC invocations=628 (full 12):
 garbage-first heap   total 115712K, used 33618K [0x0000000085200000, 0x0000000100000000)
  region size 1024K, 0 young (0K), 0 survivors (0K)
 Metaspace       used 90938K, committed 91840K, reserved 1179648K
  class space    used 11075K, committed 11520K, reserved 1048576K
}
Event: 304192.226 GC heap before
{Heap before GC invocations=628 (full 12):
 garbage-first heap   total 115712K, used 86866K [0x0000000085200000, 0x0000000100000000)
  region size 1024K, 53 young (54272K), 0 survivors (0K)
 Metaspace       used 91224K, committed 92160K, reserved 1179648K
  class space    used 11099K, committed 11584K, reserved 1048576K
}
Event: 304192.232 GC heap after
{Heap after GC invocations=629 (full 12):
 garbage-first heap   total 115712K, used 38602K [0x0000000085200000, 0x0000000100000000)
  region size 1024K, 5 young (5120K), 5 survivors (5120K)
 Metaspace       used 91224K, committed 92160K, reserved 1179648K
  class space    used 11099K, committed 11584K, reserved 1048576K
}
Event: 304285.832 GC heap before
{Heap before GC invocations=629 (full 12):
 garbage-first heap   total 115712K, used 88778K [0x0000000085200000, 0x0000000100000000)
  region size 1024K, 54 young (55296K), 5 survivors (5120K)
 Metaspace       used 91741K, committed 92608K, reserved 1179648K
  class space    used 11134K, committed 11584K, reserved 1048576K
}
Event: 304285.927 GC heap after
{Heap after GC invocations=630 (full 12):
 garbage-first heap   total 115712K, used 40966K [0x0000000085200000, 0x0000000100000000)
  region size 1024K, 4 young (4096K), 4 survivors (4096K)
 Metaspace       used 91741K, committed 92608K, reserved 1179648K
  class space    used 11134K, committed 11584K, reserved 1048576K
}
Event: 304381.934 GC heap before
{Heap before GC invocations=630 (full 12):
 garbage-first heap   total 115712K, used 46086K [0x0000000085200000, 0x0000000100000000)
  region size 1024K, 10 young (10240K), 4 survivors (4096K)
 Metaspace       used 91744K, committed 92672K, reserved 1179648K
  class space    used 11135K, committed 11584K, reserved 1048576K
}
Event: 304382.615 GC heap after
{Heap after GC invocations=631 (full 13):
 garbage-first heap   total 115712K, used 34090K [0x0000000085200000, 0x0000000100000000)
  region size 1024K, 0 young (0K), 0 survivors (0K)
 Metaspace       used 91742K, committed 92672K, reserved 1179648K
  class space    used 11134K, committed 11584K, reserved 1048576K
}
Event: 304383.348 GC heap before
{Heap before GC invocations=631 (full 13):
 garbage-first heap   total 115712K, used 87338K [0x0000000085200000, 0x0000000100000000)
  region size 1024K, 53 young (54272K), 0 survivors (0K)
 Metaspace       used 92055K, committed 92992K, reserved 1179648K
  class space    used 11158K, committed 11648K, reserved 1048576K
}
Event: 304383.351 GC heap after
{Heap after GC invocations=632 (full 13):
 garbage-first heap   total 115712K, used 39073K [0x0000000085200000, 0x0000000100000000)
  region size 1024K, 5 young (5120K), 5 survivors (5120K)
 Metaspace       used 92055K, committed 92992K, reserved 1179648K
  class space    used 11158K, committed 11648K, reserved 1048576K
}
Event: 304385.374 GC heap before
{Heap before GC invocations=632 (full 13):
 garbage-first heap   total 115712K, used 85153K [0x0000000085200000, 0x0000000100000000)
  region size 1024K, 51 young (52224K), 5 survivors (5120K)
 Metaspace       used 92583K, committed 93504K, reserved 1179648K
  class space    used 11193K, committed 11648K, reserved 1048576K
}
Event: 304385.430 GC heap after
{Heap after GC invocations=633 (full 14):
 garbage-first heap   total 115712K, used 34641K [0x0000000085200000, 0x0000000100000000)
  region size 1024K, 0 young (0K), 0 survivors (0K)
 Metaspace       used 92580K, committed 93504K, reserved 1179648K
  class space    used 11193K, committed 11648K, reserved 1048576K
}
Event: 304385.696 GC heap before
{Heap before GC invocations=633 (full 14):
 garbage-first heap   total 115712K, used 86865K [0x0000000085200000, 0x0000000100000000)
  region size 1024K, 52 young (53248K), 0 survivors (0K)
 Metaspace       used 92820K, committed 93760K, reserved 1179648K
  class space    used 11216K, committed 11712K, reserved 1048576K
}

Deoptimization events (20 events):
Event: 304190.126 Thread 0x000002615ff32a60 Uncommon trap: trap_request=0xffffffd6 fr.pc=0x00000261089fce60 relative=0x0000000000001820
Event: 304190.126 Thread 0x000002615ff32a60 Uncommon trap: reason=array_check action=maybe_recompile pc=0x00000261089fce60 method=java.util.TimSort.reverseRange([Ljava/lang/Object;II)V @ 20 c2
Event: 304190.126 Thread 0x000002615ff32a60 DEOPT PACKING pc=0x00000261089fce60 sp=0x000000857cef82c0
Event: 304190.126 Thread 0x000002615ff32a60 DEOPT UNPACKING pc=0x00000261075823a3 sp=0x000000857cef8178 mode 2
Event: 304190.179 Thread 0x000002615ff32a60 Uncommon trap: trap_request=0xffffffd6 fr.pc=0x00000261089fce60 relative=0x0000000000001820
Event: 304190.179 Thread 0x000002615ff32a60 Uncommon trap: reason=array_check action=maybe_recompile pc=0x00000261089fce60 method=java.util.TimSort.reverseRange([Ljava/lang/Object;II)V @ 20 c2
Event: 304190.179 Thread 0x000002615ff32a60 DEOPT PACKING pc=0x00000261089fce60 sp=0x000000857cefcfa0
Event: 304190.179 Thread 0x000002615ff32a60 DEOPT UNPACKING pc=0x00000261075823a3 sp=0x000000857cefce58 mode 2
Event: 304190.179 Thread 0x000002615ff32a60 Uncommon trap: trap_request=0xffffffd6 fr.pc=0x00000261089fce60 relative=0x0000000000001820
Event: 304190.179 Thread 0x000002615ff32a60 Uncommon trap: reason=array_check action=maybe_recompile pc=0x00000261089fce60 method=java.util.TimSort.reverseRange([Ljava/lang/Object;II)V @ 20 c2
Event: 304190.179 Thread 0x000002615ff32a60 DEOPT PACKING pc=0x00000261089fce60 sp=0x000000857cefbcc0
Event: 304190.179 Thread 0x000002615ff32a60 DEOPT UNPACKING pc=0x00000261075823a3 sp=0x000000857cefbb78 mode 2
Event: 304190.181 Thread 0x000002615ff32a60 Uncommon trap: trap_request=0xffffffd6 fr.pc=0x00000261089fce60 relative=0x0000000000001820
Event: 304190.181 Thread 0x000002615ff32a60 Uncommon trap: reason=array_check action=maybe_recompile pc=0x00000261089fce60 method=java.util.TimSort.reverseRange([Ljava/lang/Object;II)V @ 20 c2
Event: 304190.181 Thread 0x000002615ff32a60 DEOPT PACKING pc=0x00000261089fce60 sp=0x000000857cefbcc0
Event: 304190.181 Thread 0x000002615ff32a60 DEOPT UNPACKING pc=0x00000261075823a3 sp=0x000000857cefbb78 mode 2
Event: 304191.792 Thread 0x000002615ff31620 Uncommon trap: trap_request=0xffffff45 fr.pc=0x00000261086829d0 relative=0x0000000000000550
Event: 304191.792 Thread 0x000002615ff31620 Uncommon trap: reason=unstable_if action=reinterpret pc=0x00000261086829d0 method=java.util.concurrent.ThreadPoolExecutor.tryTerminate()V @ 21 c2
Event: 304191.792 Thread 0x000002615ff31620 DEOPT PACKING pc=0x00000261086829d0 sp=0x000000857ddff340
Event: 304191.793 Thread 0x000002615ff31620 DEOPT UNPACKING pc=0x00000261075823a3 sp=0x000000857ddff2f8 mode 2

Classes unloaded (20 events):
Event: 303315.180 Thread 0x000002617ec2a970 Unloading class 0x0000026110a4dc00 'jdk/internal/reflect/GeneratedMethodAccessor38'
Event: 303315.180 Thread 0x000002617ec2a970 Unloading class 0x0000026110a4d800 'jdk/internal/reflect/GeneratedMethodAccessor37'
Event: 303315.180 Thread 0x000002617ec2a970 Unloading class 0x0000026110a4d400 'jdk/internal/reflect/GeneratedMethodAccessor36'
Event: 303315.180 Thread 0x000002617ec2a970 Unloading class 0x0000026110a4cc00 'jdk/internal/reflect/GeneratedMethodAccessor35'
Event: 303315.180 Thread 0x000002617ec2a970 Unloading class 0x0000026110a4d000 'jdk/internal/reflect/GeneratedMethodAccessor34'
Event: 303315.180 Thread 0x000002617ec2a970 Unloading class 0x0000026110a4c800 'jdk/internal/reflect/GeneratedMethodAccessor33'
Event: 303315.180 Thread 0x000002617ec2a970 Unloading class 0x0000026110a28c00 'jdk/internal/reflect/GeneratedConstructorAccessor38'
Event: 303315.180 Thread 0x000002617ec2a970 Unloading class 0x0000026110a90000 'org/apache/catalina/loader/JdbcLeakPrevention'
Event: 303577.654 Thread 0x000002617ec2a970 Unloading class 0x00000261105a0800 'org/apache/catalina/loader/JdbcLeakPrevention'
Event: 303580.985 Thread 0x000002617ec2a970 Unloading class 0x0000026110a95c00 'org/apache/catalina/loader/JdbcLeakPrevention'
Event: 303767.980 Thread 0x000002617ec2a970 Unloading class 0x0000026110aac800 'org/apache/catalina/loader/JdbcLeakPrevention'
Event: 303770.883 Thread 0x000002617ec2a970 Unloading class 0x0000026110abc800 'org/apache/catalina/loader/JdbcLeakPrevention'
Event: 303774.426 Thread 0x000002617ec2a970 Unloading class 0x0000026110acc400 'org/apache/catalina/loader/JdbcLeakPrevention'
Event: 303776.920 Thread 0x000002617ec2a970 Unloading class 0x0000026110ae4800 'org/apache/catalina/loader/JdbcLeakPrevention'
Event: 304102.808 Thread 0x000002617ec2a970 Unloading class 0x0000026110af8800 'org/apache/catalina/loader/JdbcLeakPrevention'
Event: 304117.655 Thread 0x000002617ec2a970 Unloading class 0x0000026110b28000 'org/apache/catalina/loader/JdbcLeakPrevention'
Event: 304189.268 Thread 0x000002617ec2a970 Unloading class 0x0000026110b34800 'org/apache/catalina/loader/JdbcLeakPrevention'
Event: 304191.815 Thread 0x000002617ec2a970 Unloading class 0x0000026110b4a000 'org/apache/catalina/loader/JdbcLeakPrevention'
Event: 304382.032 Thread 0x000002617ec2a970 Unloading class 0x0000026110b58800 'org/apache/catalina/loader/JdbcLeakPrevention'
Event: 304385.384 Thread 0x000002617ec2a970 Unloading class 0x0000026110b68800 'org/apache/catalina/loader/JdbcLeakPrevention'

Classes redefined (0 events):
No events

Internal exceptions (20 events):
Event: 304383.229 Thread 0x000002615ff357f0 Exception <a 'sun/nio/fs/WindowsException'{0x0000000089b85608}> (0x0000000089b85608) 
thrown [s\open\src\hotspot\share\prims\jni.cpp, line 516]
Event: 304383.661 Thread 0x000002615ff357f0 Exception <a 'sun/nio/fs/WindowsException'{0x000000008af43c40}> (0x000000008af43c40) 
thrown [s\open\src\hotspot\share\prims\jni.cpp, line 516]
Event: 304383.731 Thread 0x000002615ff357f0 Exception <a 'sun/nio/fs/WindowsException'{0x000000008a358188}> (0x000000008a358188) 
thrown [s\open\src\hotspot\share\prims\jni.cpp, line 516]
Event: 304385.374 Thread 0x000002615ff32550 Exception <a 'java/lang/InterruptedException'{0x00000000895c5dd0}: sleep interrupted> (0x00000000895c5dd0) 
thrown [s\open\src\hotspot\share\prims\jvm.cpp, line 3064]
Event: 304385.435 Thread 0x000002615ff33ea0 Exception <a 'sun/nio/fs/WindowsException'{0x000000008cd7c400}> (0x000000008cd7c400) 
thrown [s\open\src\hotspot\share\prims\jni.cpp, line 516]
Event: 304385.451 Thread 0x000002615ff33ea0 Exception <a 'sun/nio/fs/WindowsException'{0x000000008bf58e38}> (0x000000008bf58e38) 
thrown [s\open\src\hotspot\share\prims\jni.cpp, line 516]
Event: 304385.543 Thread 0x000002615ff33ea0 Exception <a 'sun/nio/fs/WindowsException'{0x000000008ac67a98}> (0x000000008ac67a98) 
thrown [s\open\src\hotspot\share\prims\jni.cpp, line 516]
Event: 304385.561 Thread 0x000002615ff33ea0 Exception <a 'sun/nio/fs/WindowsException'{0x000000008ab82e98}> (0x000000008ab82e98) 
thrown [s\open\src\hotspot\share\prims\jni.cpp, line 516]
Event: 304385.590 Thread 0x000002615ff33ea0 Exception <a 'java/lang/NoClassDefFoundError'{0x000000008a503bf8}: org/flywaydb/core/Flyway> (0x000000008a503bf8) 
thrown [s\open\src\hotspot\share\oops\constantPool.cpp, line 837]
Event: 304385.590 Thread 0x000002615ff33ea0 Exception <a 'java/lang/NoClassDefFoundError'{0x000000008a504248}: liquibase/integration/spring/SpringLiquibase> (0x000000008a504248) 
thrown [s\open\src\hotspot\share\oops\constantPool.cpp, line 837]
Event: 304385.592 Thread 0x000002615ff33ea0 Exception <a 'java/lang/NoClassDefFoundError'{0x000000008a534478}: org/jooq/DSLContext> (0x000000008a534478) 
thrown [s\open\src\hotspot\share\oops\constantPool.cpp, line 837]
Event: 304385.593 Thread 0x000002615ff33ea0 Exception <a 'java/lang/NoClassDefFoundError'{0x000000008a589868}: org/springframework/batch/core/repository/JobRepository> (0x000000008a589868) 
thrown [s\open\src\hotspot\share\oops\constantPool.cpp, line 837]
Event: 304385.593 Thread 0x000002615ff33ea0 Exception <a 'java/lang/NoClassDefFoundError'{0x000000008a589eb0}: org/quartz/Scheduler> (0x000000008a589eb0) 
thrown [s\open\src\hotspot\share\oops\constantPool.cpp, line 837]
Event: 304385.593 Thread 0x000002615ff33ea0 Exception <a 'java/lang/NoClassDefFoundError'{0x000000008a58a520}: org/springframework/session/jdbc/JdbcIndexedSessionRepository> (0x000000008a58a520) 
thrown [s\open\src\hotspot\share\oops\constantPool.cpp, line 837]
Event: 304385.614 Thread 0x000002615ff33ea0 Exception <a 'sun/nio/fs/WindowsException'{0x0000000089f04a68}> (0x0000000089f04a68) 
thrown [s\open\src\hotspot\share\prims\jni.cpp, line 516]
Event: 304385.615 Thread 0x000002615ff33ea0 Exception <a 'sun/nio/fs/WindowsException'{0x0000000089f050c0}> (0x0000000089f050c0) 
thrown [s\open\src\hotspot\share\prims\jni.cpp, line 516]
Event: 304385.615 Thread 0x000002615ff33ea0 Exception <a 'sun/nio/fs/WindowsException'{0x0000000089f05798}> (0x0000000089f05798) 
thrown [s\open\src\hotspot\share\prims\jni.cpp, line 516]
Event: 304385.617 Thread 0x000002615ff33ea0 Exception <a 'java/io/FileNotFoundException'{0x0000000089f32038}> (0x0000000089f32038) 
thrown [s\open\src\hotspot\share\prims\jni.cpp, line 516]
Event: 304385.633 Thread 0x000002615ff33ea0 Exception <a 'java/io/FileNotFoundException'{0x0000000089d0f4b8}> (0x0000000089d0f4b8) 
thrown [s\open\src\hotspot\share\prims\jni.cpp, line 516]
Event: 304385.642 Thread 0x000002615ff33ea0 Exception <a 'sun/nio/fs/WindowsException'{0x0000000089a7b688}> (0x0000000089a7b688) 
thrown [s\open\src\hotspot\share\prims\jni.cpp, line 516]

VM Operations (20 events):
Event: 304191.863 Executing VM operation: G1CollectFull done
Event: 304192.226 Executing VM operation: G1CollectForAllocation
Event: 304192.232 Executing VM operation: G1CollectForAllocation done
Event: 304193.240 Executing VM operation: Cleanup
Event: 304193.240 Executing VM operation: Cleanup done
Event: 304233.525 Executing VM operation: HandshakeAllThreads
Event: 304233.525 Executing VM operation: HandshakeAllThreads done
Event: 304285.831 Executing VM operation: G1CollectForAllocation
Event: 304285.927 Executing VM operation: G1CollectForAllocation done
Event: 304381.933 Executing VM operation: G1CollectFull
Event: 304382.615 Executing VM operation: G1CollectFull done
Event: 304383.348 Executing VM operation: G1CollectForAllocation
Event: 304383.351 Executing VM operation: G1CollectForAllocation done
Event: 304384.366 Executing VM operation: Cleanup
Event: 304384.366 Executing VM operation: Cleanup done
Event: 304385.374 Executing VM operation: G1CollectFull
Event: 304385.430 Executing VM operation: G1CollectFull done
Event: 304385.645 Executing VM operation: HandshakeAllThreads
Event: 304385.645 Executing VM operation: HandshakeAllThreads done
Event: 304385.696 Executing VM operation: G1CollectForAllocation

Events (20 events):
Event: 304385.653 Thread 0x000002617ec85b40 flushing nmethod 0x00000261002b4790
Event: 304385.654 Thread 0x000002617ec85b40 flushing nmethod 0x000002610045af90
Event: 304385.656 Thread 0x000002617ec85b40 flushing nmethod 0x0000026100698a10
Event: 304385.656 Thread 0x000002617ec85b40 flushing nmethod 0x00000261006d3210
Event: 304385.656 Thread 0x000002617ec85b40 flushing nmethod 0x000002610071b590
Event: 304385.656 Thread 0x000002617ec85b40 flushing nmethod 0x000002610076b810
Event: 304385.657 Thread 0x000002617ec85b40 flushing nmethod 0x000002610076d190
Event: 304385.657 Thread 0x000002617ec85b40 flushing nmethod 0x000002610076db10
Event: 304385.657 Thread 0x000002617ec85b40 flushing nmethod 0x000002610079f190
Event: 304385.657 Thread 0x000002617ec85b40 flushing nmethod 0x00000261007c3710
Event: 304385.657 Thread 0x000002617ec85b40 flushing nmethod 0x00000261007e8e10
Event: 304385.657 Thread 0x000002617ec85b40 flushing nmethod 0x0000026100804490
Event: 304385.659 Thread 0x000002617ec85b40 flushing nmethod 0x0000026100a76990
Event: 304385.659 Thread 0x000002617ec85b40 flushing nmethod 0x0000026100aef210
Event: 304385.660 Thread 0x000002617ec85b40 flushing nmethod 0x0000026100d3cc90
Event: 304385.664 Thread 0x000002617ec85b40 flushing nmethod 0x000002610160e010
Event: 304385.665 Thread 0x000002617ec85b40 flushing nmethod 0x000002610177f090
Event: 304385.666 Thread 0x000002617ec85b40 flushing nmethod 0x0000026101915190
Event: 304385.666 Thread 0x000002617ec85b40 flushing nmethod 0x0000026101917c10
Event: 304385.667 Thread 0x000002617ec85b40 flushing nmethod 0x000002610193ed10


Dynamic libraries:
0x00007ff790c60000 - 0x00007ff790c70000 	C:\Program Files\Java\jdk-17\bin\java.exe
0x00007ffcbc570000 - 0x00007ffcbc787000 	C:\WINDOWS\SYSTEM32\ntdll.dll
0x00007ffcba870000 - 0x00007ffcba934000 	C:\WINDOWS\System32\KERNEL32.DLL
0x00007ffcb9bf0000 - 0x00007ffcb9fc2000 	C:\WINDOWS\System32\KERNELBASE.dll
0x00007ffcb9980000 - 0x00007ffcb9a91000 	C:\WINDOWS\System32\ucrtbase.dll
0x00007ffc3dbe0000 - 0x00007ffc3dbf9000 	C:\Program Files\Java\jdk-17\bin\jli.dll
0x00007ffc43f10000 - 0x00007ffc43f2b000 	C:\Program Files\Java\jdk-17\bin\VCRUNTIME140.dll
0x00007ffcbadb0000 - 0x00007ffcbae61000 	C:\WINDOWS\System32\ADVAPI32.dll
0x00007ffcbbd80000 - 0x00007ffcbbe27000 	C:\WINDOWS\System32\msvcrt.dll
0x00007ffcbc3a0000 - 0x00007ffcbc448000 	C:\WINDOWS\System32\sechost.dll
0x00007ffcb9bc0000 - 0x00007ffcb9be8000 	C:\WINDOWS\System32\bcrypt.dll
0x00007ffcbb8f0000 - 0x00007ffcbba04000 	C:\WINDOWS\System32\RPCRT4.dll
0x00007ffcba9b0000 - 0x00007ffcbab61000 	C:\WINDOWS\System32\USER32.dll
0x00007ffcb9fd0000 - 0x00007ffcb9ff6000 	C:\WINDOWS\System32\win32u.dll
0x00007ffc9a020000 - 0x00007ffc9a2bb000 	C:\WINDOWS\WinSxS\amd64_microsoft.windows.common-controls_6595b64144ccf1df_6.0.22621.5415_none_270d77d17387d7da\COMCTL32.dll
0x00007ffcbbd50000 - 0x00007ffcbbd79000 	C:\WINDOWS\System32\GDI32.dll
0x00007ffcb9660000 - 0x00007ffcb9783000 	C:\WINDOWS\System32\gdi32full.dll
0x00007ffcb9b20000 - 0x00007ffcb9bba000 	C:\WINDOWS\System32\msvcp_win.dll
0x00007ffcaa800000 - 0x00007ffcaa80a000 	C:\WINDOWS\SYSTEM32\VERSION.dll
0x00007ffcbb8b0000 - 0x00007ffcbb8e1000 	C:\WINDOWS\System32\IMM32.DLL
0x00007ffcb1860000 - 0x00007ffcb186c000 	C:\Program Files\Java\jdk-17\bin\vcruntime140_1.dll
0x00007ffbd5080000 - 0x00007ffbd510e000 	C:\Program Files\Java\jdk-17\bin\msvcp140.dll
0x00007ffbd1620000 - 0x00007ffbd2200000 	C:\Program Files\Java\jdk-17\bin\server\jvm.dll
0x00007ffcbb8a0000 - 0x00007ffcbb8a8000 	C:\WINDOWS\System32\PSAPI.DLL
0x00007ffcac590000 - 0x00007ffcac5c4000 	C:\WINDOWS\SYSTEM32\WINMM.dll
0x00007ffc83f20000 - 0x00007ffc83f29000 	C:\WINDOWS\SYSTEM32\WSOCK32.dll
0x00007ffcba7f0000 - 0x00007ffcba861000 	C:\WINDOWS\System32\WS2_32.dll
0x00007ffcb8650000 - 0x00007ffcb8668000 	C:\WINDOWS\SYSTEM32\kernel.appcore.dll
0x00007ffc47770000 - 0x00007ffc4777a000 	C:\Program Files\Java\jdk-17\bin\jimage.dll
0x00007ffcb4920000 - 0x00007ffcb4b53000 	C:\WINDOWS\SYSTEM32\DBGHELP.DLL
0x00007ffcbc000000 - 0x00007ffcbc393000 	C:\WINDOWS\System32\combase.dll
0x00007ffcbc450000 - 0x00007ffcbc527000 	C:\WINDOWS\System32\OLEAUT32.dll
0x00007ffc94300000 - 0x00007ffc94332000 	C:\WINDOWS\SYSTEM32\dbgcore.DLL
0x00007ffcb9790000 - 0x00007ffcb980b000 	C:\WINDOWS\System32\bcryptPrimitives.dll
0x00007ffcb18a0000 - 0x00007ffcb18ae000 	C:\Program Files\Java\jdk-17\bin\instrument.dll
0x00007ffc3ccb0000 - 0x00007ffc3ccd5000 	C:\Program Files\Java\jdk-17\bin\java.dll
0x00007ffbd1540000 - 0x00007ffbd1617000 	C:\Program Files\Java\jdk-17\bin\jsvml.dll
0x00007ffcbafd0000 - 0x00007ffcbb872000 	C:\WINDOWS\System32\SHELL32.dll
0x00007ffcba0c0000 - 0x00007ffcba1ff000 	C:\WINDOWS\System32\wintypes.dll
0x00007ffcb7540000 - 0x00007ffcb7e5e000 	C:\WINDOWS\SYSTEM32\windows.storage.dll
0x00007ffcbbaa0000 - 0x00007ffcbbbab000 	C:\WINDOWS\System32\SHCORE.dll
0x00007ffcbad40000 - 0x00007ffcbada9000 	C:\WINDOWS\System32\shlwapi.dll
0x00007ffcb9590000 - 0x00007ffcb95bb000 	C:\WINDOWS\SYSTEM32\profapi.dll
0x00007ffbd5ab0000 - 0x00007ffbd5ac8000 	C:\Program Files\Java\jdk-17\bin\zip.dll
0x00007ffc2ca80000 - 0x00007ffc2ca99000 	C:\Program Files\Java\jdk-17\bin\net.dll
0x00007ffcb0b20000 - 0x00007ffcb0c4c000 	C:\WINDOWS\SYSTEM32\WINHTTP.dll
0x00007ffcb8ac0000 - 0x00007ffcb8b29000 	C:\WINDOWS\system32\mswsock.dll
0x00007ffc2ca60000 - 0x00007ffc2ca76000 	C:\Program Files\Java\jdk-17\bin\nio.dll
0x00007ffc9a400000 - 0x00007ffc9a41a000 	C:\Program Files\JetBrains\IntelliJ IDEA Community Edition 2023.1.2\bin\breakgen64.dll
0x00007ffcb1960000 - 0x00007ffcb196a000 	C:\Program Files\Java\jdk-17\bin\management.dll
0x00007ffcb1950000 - 0x00007ffcb195b000 	C:\Program Files\Java\jdk-17\bin\management_ext.dll
0x00007ffcb1940000 - 0x00007ffcb194e000 	C:\Program Files\Java\jdk-17\bin\sunmscapi.dll
0x00007ffcb9810000 - 0x00007ffcb9977000 	C:\WINDOWS\System32\CRYPT32.dll
0x00007ffcb8ff0000 - 0x00007ffcb901d000 	C:\WINDOWS\SYSTEM32\ncrypt.dll
0x00007ffcb8fb0000 - 0x00007ffcb8fe7000 	C:\WINDOWS\SYSTEM32\NTASN1.dll
0x00007ffcb8dd0000 - 0x00007ffcb8deb000 	C:\WINDOWS\SYSTEM32\CRYPTSP.dll
0x00007ffcb85b0000 - 0x00007ffcb85e7000 	C:\WINDOWS\system32\rsaenh.dll
0x00007ffcb8be0000 - 0x00007ffcb8c08000 	C:\WINDOWS\SYSTEM32\USERENV.dll
0x00007ffcb8d40000 - 0x00007ffcb8d4c000 	C:\WINDOWS\SYSTEM32\CRYPTBASE.dll
0x00007ffcb8100000 - 0x00007ffcb812d000 	C:\WINDOWS\SYSTEM32\IPHLPAPI.DLL
0x00007ffcbb890000 - 0x00007ffcbb899000 	C:\WINDOWS\System32\NSI.dll
0x00007ffcae320000 - 0x00007ffcae339000 	C:\WINDOWS\SYSTEM32\dhcpcsvc6.DLL
0x00007ffcae300000 - 0x00007ffcae31f000 	C:\WINDOWS\SYSTEM32\dhcpcsvc.DLL
0x00007ffcb8130000 - 0x00007ffcb8228000 	C:\WINDOWS\SYSTEM32\DNSAPI.dll
0x00007ffc2dab0000 - 0x00007ffc2dac0000 	C:\Program Files\Java\jdk-17\bin\verify.dll
0x00007ffcac580000 - 0x00007ffcac58a000 	C:\Windows\System32\rasadhlp.dll
0x00007ffcac140000 - 0x00007ffcac1c4000 	C:\WINDOWS\System32\fwpuclnt.dll
0x00007ffc87470000 - 0x00007ffc87478000 	C:\WINDOWS\system32\wshunix.dll

dbghelp: loaded successfully - version: 4.0.5 - missing functions: none
symbol engine: initialized successfully - sym options: 0x614 - pdb path: .;C:\Program Files\Java\jdk-17\bin;C:\WINDOWS\SYSTEM32;C:\WINDOWS\WinSxS\amd64_microsoft.windows.common-controls_6595b64144ccf1df_6.0.22621.5415_none_270d77d17387d7da;C:\Program Files\Java\jdk-17\bin\server;C:\Program Files\JetBrains\IntelliJ IDEA Community Edition 2023.1.2\bin

VM Arguments:
jvm_args: -javaagent:C:\Program Files\JetBrains\IntelliJ IDEA Community Edition 2023.1.2\lib\idea_rt.jar=51070:C:\Program Files\JetBrains\IntelliJ IDEA Community Edition 2023.1.2\bin -Dfile.encoding=UTF-8 
java_command: khanhlandev.bookstore_backend.BookstoreBackendApplication
java_class_path (initial): D:\MyProject\fullstack\bookstore\bookstore_backend\target\classes;C:\Users\Admin\.m2\repository\org\springframework\boot\spring-boot-starter-data-jpa\3.5.0\spring-boot-starter-data-jpa-3.5.0.jar;C:\Users\Admin\.m2\repository\org\springframework\boot\spring-boot-starter\3.5.0\spring-boot-starter-3.5.0.jar;C:\Users\Admin\.m2\repository\org\springframework\boot\spring-boot-starter-logging\3.5.0\spring-boot-starter-logging-3.5.0.jar;C:\Users\Admin\.m2\repository\ch\qos\logback\logback-classic\1.5.18\logback-classic-1.5.18.jar;C:\Users\Admin\.m2\repository\ch\qos\logback\logback-core\1.5.18\logback-core-1.5.18.jar;C:\Users\Admin\.m2\repository\org\apache\logging\log4j\log4j-to-slf4j\2.24.3\log4j-to-slf4j-2.24.3.jar;C:\Users\Admin\.m2\repository\org\apache\logging\log4j\log4j-api\2.24.3\log4j-api-2.24.3.jar;C:\Users\Admin\.m2\repository\org\slf4j\jul-to-slf4j\2.0.17\jul-to-slf4j-2.0.17.jar;C:\Users\Admin\.m2\repository\jakarta\annotation\jakarta.annotation-api\2.1.1\jakarta.annotation-api-2.1.1.jar;C:\Users\Admin\.m2\repository\org\springframework\spring-core\6.2.7\spring-core-6.2.7.jar;C:\Users\Admin\.m2\repository\org\springframework\spring-jcl\6.2.7\spring-jcl-6.2.7.jar;C:\Users\Admin\.m2\repository\org\yaml\snakeyaml\2.4\snakeyaml-2.4.jar;C:\Users\Admin\.m2\repository\org\springframework\boot\spring-boot-starter-jdbc\3.5.0\spring-boot-starter-jdbc-3.5.0.jar;C:\Users\Admin\.m2\repository\com\zaxxer\HikariCP\6.3.0\HikariCP-6.3.0.jar;C:\Users\Admin\.m2\repository\org\springframework\spring-jdbc\6.2.7\spring-jdbc-6.2.7.jar;C:\Users\Admin\.m2\repository\org\hibernate\orm\hibernate-core\6.6.15.Final\hibernate-core-6.6.15.Final.jar;C:\Users\Admin\.m2\repository\jakarta\persistence\jakarta.persistence-api\3.1.0\jakarta.persistence-api-3.1.0.jar;C:\Users\Admin\.m2\repository\jakarta\transaction\jakarta.transaction-api\2.0.1\jakarta.transaction-api-2.0.1.jar;C:\Users\Admin\.m2\repository\org\jboss\logging\jboss-logging\3.6.1.Final\jboss-logging-3.6.
Launcher Type: SUN_STANDARD

[Global flags]
     intx CICompilerCount                          = 4                                         {product} {ergonomic}
     uint ConcGCThreads                            = 3                                         {product} {ergonomic}
     uint G1ConcRefinementThreads                  = 10                                        {product} {ergonomic}
   size_t G1HeapRegionSize                         = 1048576                                   {product} {ergonomic}
    uintx GCDrainStackTargetSize                   = 64                                        {product} {ergonomic}
   size_t InitialHeapSize                          = 130023424                                 {product} {ergonomic}
   size_t MarkStackSize                            = 4194304                                   {product} {ergonomic}
   size_t MaxHeapSize                              = 2061500416                                {product} {ergonomic}
   size_t MaxNewSize                               = 1236271104                                {product} {ergonomic}
   size_t MinHeapDeltaBytes                        = 1048576                                   {product} {ergonomic}
   size_t MinHeapSize                              = 8388608                                   {product} {ergonomic}
    uintx NonNMethodCodeHeapSize                   = 5839372                                {pd product} {ergonomic}
    uintx NonProfiledCodeHeapSize                  = 122909434                              {pd product} {ergonomic}
    uintx ProfiledCodeHeapSize                     = 122909434                              {pd product} {ergonomic}
    uintx ReservedCodeCacheSize                    = 251658240                              {pd product} {ergonomic}
     bool SegmentedCodeCache                       = true                                      {product} {ergonomic}
   size_t SoftMaxHeapSize                          = 2061500416                             {manageable} {ergonomic}
     bool UseCompressedClassPointers               = true                           {product lp64_product} {ergonomic}
     bool UseCompressedOops                        = true                           {product lp64_product} {ergonomic}
     bool UseG1GC                                  = true                                      {product} {ergonomic}
     bool UseLargePagesIndividualAllocation        = false                                  {pd product} {ergonomic}

Logging:
Log output configuration:
 #0: stdout all=warning uptime,level,tags
 #1: stderr all=off uptime,level,tags

Environment Variables:
JAVA_HOME=C:\Program Files\Java\jdk-23
PATH=C:\Python312\Scripts\;C:\Python312\;C:\Program Files\Common Files\Oracle\Java\javapath;C:\windows\system32;C:\windows;C:\windows\System32\Wbem;C:\windows\System32\WindowsPowerShell\v1.0\;C:\windows\System32\OpenSSH\;C:\Program Files (x86)\mingw-w64\i686-8.1.0-posix-dwarf-rt_v6-rev0\mingw32\bin;C:\MinGW\bin;C:\Program Files\Java\jdk-19\bin;C:\WINDOWS\system32;C:\WINDOWS;C:\WINDOWS\System32\Wbem;C:\WINDOWS\System32\WindowsPowerShell\v1.0\;C:\WINDOWS\System32\OpenSSH\;C:\Java\apache-maven-4.0.0-alpha-5\bin;C:\apache-maven-4.0.0-alpha-5\bin;C:\Program Files (x86)\Microsoft SQL Server\160\Tools\Binn\;C:\Program Files\Microsoft SQL Server\160\Tools\Binn\;C:\Program Files\Microsoft SQL Server\Client SDK\ODBC\170\Tools\Binn\;C:\Program Files\Microsoft SQL Server\160\DTS\Binn\;C:\mongosh-2.1.1-win32-x64\bin;C:\Program Files\MongoDB\Server\7.0\bin;C:\Program Files\MongoDB\Tools\100\bin;C:\Program Files (x86)\Microsoft SQL Server\160\DTS\Binn\;C:\Program Files\HP\HP One Agent;C:\Users\Admin\AppData\Roaming\nvm;C:\Program Files\nodejs;C:\ProgramData\chocolatey\bin;C:\Program Files\Java\jdk-23\bin;H:\gradle-8.2.1\bin;H:\gradle-8.12\bin;C:\Program Files\Git\cmd;C:\Program Files\Git\bin;C:\Users\Admin\anaconda3;C:\Users\Admin\anaconda3\Library\mingw-w64\bin;C:\Users\Admin\anaconda3\Library\usr\bin;C:\Users\Admin\anaconda3\Library\bin;C:\Users\Admin\anaconda3\Scripts;C:\Users\Admin\AppData\Local\Microsoft\WindowsApps;C:\msys64\mingw64\bin;C:\Program Files\JetBrains\PyCharm 2022.2.3\bin;;C:\Program Files\Java\jdk-23\bin;C:\Users\Admin\AppData\Local\Programs\Hyper\resources\bin;C:\Program Files\Azure Data Studio\bin;C:\Users\Admin\AppData\Local\GitHubDesktop\bin;C:\Program Files\MongoDB\Server\7.0\bin;C:\Users\Admin\AppData\Local\Programs\Microsoft VS Code\bin;C:\Users\Admin\AppData\Roaming\nvm;C:\Program Files\nodejs;C:\Users\Admin\AppData\Local\Programs\cursor\resources\app\bin
USERNAME=Admin
OS=Windows_NT
PROCESSOR_IDENTIFIER=Intel64 Family 6 Model 154 Stepping 4, GenuineIntel



---------------  S Y S T E M  ---------------

OS:
 Windows 11 , 64 bit Build 22621 (10.0.22621.5415)
OS uptime: 3 days 12:52 hours
Hyper-V role detected

CPU: total 12 (initial active 12) (6 cores per cpu, 2 threads per core) family 6 model 154 stepping 4 microcode 0x42c, cx8, cmov, fxsr, ht, mmx, 3dnowpref, sse, sse2, sse3, ssse3, sse4.1, sse4.2, popcnt, lzcnt, tsc, tscinvbit, avx, avx2, aes, erms, clmul, bmi1, bmi2, adx, sha, fma, vzeroupper, clflush, clflushopt, clwb, hv

Memory: 4k page, system-wide physical 7860M (276M free)
TotalPageFile size 25785M (AvailPageFile size 181M)
current process WorkingSet (physical memory assigned to process): 348M, peak: 450M
current process commit charge ("private bytes"): 461M, peak: 658M

vm_info: Java HotSpot(TM) 64-Bit Server VM (17.0.12+8-LTS-286) for windows-amd64 JRE (17.0.12+8-LTS-286), built on Jun  5 2024 06:46:59 by "mach5one" with MS VC++ 17.6 (VS2022)

END.
